app/build/intermediates/manifest_merge_blame_file/debug/manifest-merger-blame-debug-report.txt
1<?xml version="1.0" encoding="utf-8"?>
2<manifest xmlns:android="http://schemas.android.com/apk/res/android"
3    package="mx.tecnm.proyectopivote"
4    android:versionCode="1"
5    android:versionName="1.0" >
6
7    <uses-sdk
8        android:minSdkVersion="21"
8-->src/main/AndroidManifest.xml
9        android:targetSdkVersion="30" />
9-->src/main/AndroidManifest.xml
10
11    <uses-permission android:name="android.permission.ACCESS_FINE_LOCATION" />
11-->src/main/AndroidManifest.xml:5:5-78
11-->src/main/AndroidManifest.xml:5:22-76
12
13    <!-- Although the *SdkVersion is captured in gradle build files, this is required for non gradle builds -->
14    <!-- <uses-sdk android:minSdkVersion="14" /> -->
15    <uses-permission android:name="android.permission.ACCESS_NETWORK_STATE" />
15-->[com.google.firebase:firebase-firestore:22.0.1] AndroidManifest.xml:13:5-79
15-->[com.google.firebase:firebase-firestore:22.0.1] AndroidManifest.xml:13:22-76
16    <uses-permission android:name="android.permission.INTERNET" />
16-->[com.google.firebase:firebase-firestore:22.0.1] AndroidManifest.xml:14:5-67
16-->[com.google.firebase:firebase-firestore:22.0.1] AndroidManifest.xml:14:22-64
17
18    <application
18-->src/main/AndroidManifest.xml:7:5-21:19
19        android:allowBackup="true"
19-->src/main/AndroidManifest.xml:8:9-35
20        android:appComponentFactory="androidx.core.app.CoreComponentFactory"
20-->[androidx.core:core:1.3.2] AndroidManifest.xml:24:18-86
21        android:debuggable="true"
22        android:icon="@mipmap/ic_launcher"
22-->src/main/AndroidManifest.xml:9:9-43
23        android:label="@string/app_name"
23-->src/main/AndroidManifest.xml:10:9-41
24        android:roundIcon="@mipmap/ic_launcher_round"
24-->src/main/AndroidManifest.xml:11:9-54
25        android:supportsRtl="true"
25-->src/main/AndroidManifest.xml:12:9-35
26        android:testOnly="true"
27        android:theme="@style/AppTheme" >
27-->src/main/AndroidManifest.xml:13:9-40
28        <activity android:name="mx.tecnm.proyectopivote.MainActivity" >
28-->src/main/AndroidManifest.xml:14:9-20:20
28-->src/main/AndroidManifest.xml:14:19-47
29            <intent-filter>
29-->src/main/AndroidManifest.xml:15:13-19:29
30                <action android:name="android.intent.action.MAIN" />
30-->src/main/AndroidManifest.xml:16:17-69
30-->src/main/AndroidManifest.xml:16:25-66
31
32                <category android:name="android.intent.category.LAUNCHER" />
32-->src/main/AndroidManifest.xml:18:17-77
32-->src/main/AndroidManifest.xml:18:27-74
33            </intent-filter>
34        </activity>
35
36        <service
36-->[com.google.firebase:firebase-firestore:22.0.1] AndroidManifest.xml:17:9-23:19
37            android:name="com.google.firebase.components.ComponentDiscoveryService"
37-->[com.google.firebase:firebase-firestore:22.0.1] AndroidManifest.xml:18:13-84
38            android:directBootAware="true"
38-->[com.google.firebase:firebase-common:19.5.0] AndroidManifest.xml:35:13-43
39            android:exported="false" >
39-->[com.google.firebase:firebase-firestore:22.0.1] AndroidManifest.xml:19:13-37
40            <meta-data
40-->[com.google.firebase:firebase-firestore:22.0.1] AndroidManifest.xml:20:13-22:85
41                android:name="com.google.firebase.components:com.google.firebase.firestore.FirestoreRegistrar"
41-->[com.google.firebase:firebase-firestore:22.0.1] AndroidManifest.xml:21:17-111
42                android:value="com.google.firebase.components.ComponentRegistrar" />
42-->[com.google.firebase:firebase-firestore:22.0.1] AndroidManifest.xml:22:17-82
43            <!--
44                This registrar is not defined in the dynamic-module-support sdk itself to allow non-firebase
45                clients to use it as well, by defining this registrar in their own core/common library.
46            -->
47            <meta-data
47-->[com.google.firebase:firebase-common:19.5.0] AndroidManifest.xml:43:13-45:85
48                android:name="com.google.firebase.components:com.google.firebase.dynamicloading.DynamicLoadingRegistrar"
48-->[com.google.firebase:firebase-common:19.5.0] AndroidManifest.xml:44:17-121
49                android:value="com.google.firebase.components.ComponentRegistrar" />
49-->[com.google.firebase:firebase-common:19.5.0] AndroidManifest.xml:45:17-82
50        </service>
51
52        <activity
52-->[com.google.android.gms:play-services-base:17.0.0] AndroidManifest.xml:23:9-26:75
53            android:name="com.google.android.gms.common.api.GoogleApiActivity"
53-->[com.google.android.gms:play-services-base:17.0.0] AndroidManifest.xml:24:13-79
54            android:exported="false"
54-->[com.google.android.gms:play-services-base:17.0.0] AndroidManifest.xml:25:13-37
55            android:theme="@android:style/Theme.Translucent.NoTitleBar" />
55-->[com.google.android.gms:play-services-base:17.0.0] AndroidManifest.xml:26:13-72
56
57        <provider
57-->[com.google.firebase:firebase-common:19.5.0] AndroidManifest.xml:26:9-31:39
58            android:name="com.google.firebase.provider.FirebaseInitProvider"
58-->[com.google.firebase:firebase-common:19.5.0] AndroidManifest.xml:27:13-77
59            android:authorities="mx.tecnm.proyectopivote.firebaseinitprovider"
59-->[com.google.firebase:firebase-common:19.5.0] AndroidManifest.xml:28:13-72
60            android:directBootAware="true"
60-->[com.google.firebase:firebase-common:19.5.0] AndroidManifest.xml:29:13-43
61            android:exported="false"
61-->[com.google.firebase:firebase-common:19.5.0] AndroidManifest.xml:30:13-37
62            android:initOrder="100" />
62-->[com.google.firebase:firebase-common:19.5.0] AndroidManifest.xml:31:13-36
63
64        <meta-data
64-->[com.google.android.gms:play-services-basement:17.0.0] AndroidManifest.xml:23:9-25:69
65            android:name="com.google.android.gms.version"
65-->[com.google.android.gms:play-services-basement:17.0.0] AndroidManifest.xml:24:13-58
66            android:value="@integer/google_play_services_version" />
66-->[com.google.android.gms:play-services-basement:17.0.0] AndroidManifest.xml:25:13-66
67    </application>
68
69</manifest>